#-----------------------------------------------------------
# Vivado v2017.1 (64-bit)
# SW Build 1846317 on Fri Apr 14 18:54:47 MDT 2017
# IP Build 1846188 on Fri Apr 14 20:52:08 MDT 2017
# Start of session at: Thu Feb  1 11:28:54 2018
# Process ID: 30050
# Current directory: /home/tux
# Command line: vivado
# Log file: /home/tux/vivado.log
# Journal file: /home/tux/vivado.jou
#-----------------------------------------------------------
INFO: [Common 17-1460] Use of init.tcl in /opt/Xilinx/Vivado/2017.1/scripts/init.tcl is deprecated. Please use Vivado_init.tcl 
Sourcing tcl script '/opt/Xilinx/Vivado/2017.1/scripts/init.tcl'
361 Beta devices matching pattern found, 0 enabled.
enable_beta_device: Time (s): cpu = 00:00:03 ; elapsed = 00:00:07 . Memory (MB): peak = 1096.934 ; gain = 14.598 ; free physical = 3829 ; free virtual = 14633
start_gui
open_project /home/tux/projects/HoloLensRUB/HW_FestoHoloLens/LinuxSys.xpr
Scanning sources...
Finished scanning sources
INFO: [IP_Flow 19-234] Refreshing IP repositories
INFO: [IP_Flow 19-1704] No user IP repositories specified
INFO: [IP_Flow 19-2313] Loaded Vivado IP repository '/opt/Xilinx/Vivado/2017.1/data/ip'.
open_project: Time (s): cpu = 00:00:14 ; elapsed = 00:00:21 . Memory (MB): peak = 6152.039 ; gain = 130.559 ; free physical = 3191 ; free virtual = 14170
update_compile_order -fileset sources_1
open_bd_design {/home/tux/projects/HoloLensRUB/HW_FestoHoloLens/LinuxSys.srcs/sources_1/bd/design_1/design_1.bd}
Adding cell -- xilinx.com:ip:processing_system7:5.5 - processing_system7_0
Adding cell -- xilinx.com:ip:proc_sys_reset:5.0 - rst_ps7_0_100M
Adding cell -- xilinx.com:ip:axi_bram_ctrl:4.0 - axi_bram_ctrl_0
Adding cell -- xilinx.com:ip:blk_mem_gen:8.3 - blk_mem_gen_0
Adding cell -- xilinx.com:ip:axi_crossbar:2.1 - xbar
Adding cell -- xilinx.com:ip:mdm:3.2 - mdm_1
Adding cell -- xilinx.com:ip:microblaze:10.0 - microblaze_0
Adding cell -- xilinx.com:ip:axi_gpio:2.0 - axi_max11046_0_DB16_CR4
Adding cell -- xilinx.com:ip:axi_gpio:2.0 - axi_max11046_0_SHDN_CONVST
Adding cell -- xilinx.com:ip:axi_gpio:2.0 - axi_max11046_0_CS_RD
Adding cell -- xilinx.com:ip:axi_gpio:2.0 - axi_max11046_0_WR_EOC
Adding cell -- xilinx.com:ip:axi_gpio:2.0 - axi_gpio_pmod_ja
Adding cell -- xilinx.com:ip:axi_gpio:2.0 - axi_gpio_pmod_jb
Adding cell -- xilinx.com:ip:axi_gpio:2.0 - axi_gpio_pmod_jc
Adding cell -- xilinx.com:ip:axi_gpio:2.0 - axi_gpio_pmod_jd
Adding cell -- xilinx.com:ip:axi_timer:2.0 - axi_timer_0
Adding cell -- xilinx.com:ip:lmb_v10:3.0 - dlmb_v10
Adding cell -- xilinx.com:ip:lmb_v10:3.0 - ilmb_v10
Adding cell -- xilinx.com:ip:lmb_bram_if_cntlr:4.0 - dlmb_bram_if_cntlr
Adding cell -- xilinx.com:ip:lmb_bram_if_cntlr:4.0 - ilmb_bram_if_cntlr
Adding cell -- xilinx.com:ip:blk_mem_gen:8.3 - lmb_bram
Adding cell -- xilinx.com:ip:axi_crossbar:2.1 - xbar
Adding cell -- xilinx.com:ip:axi_protocol_converter:2.1 - auto_pc
Adding cell -- xilinx.com:ip:axi_protocol_converter:2.1 - auto_pc
Successfully read diagram <design_1> from BD file </home/tux/projects/HoloLensRUB/HW_FestoHoloLens/LinuxSys.srcs/sources_1/bd/design_1/design_1.bd>
open_bd_design: Time (s): cpu = 00:00:05 ; elapsed = 00:00:07 . Memory (MB): peak = 6242.160 ; gain = 56.332 ; free physical = 3090 ; free virtual = 14107
archive_project /home/tux/projects/Archive/LinuxSysRUB_2018-02-01.xpr.zip -force -include_config_settings
INFO: [Coretcl 2-137] starting archive...
INFO: [Coretcl 2-1499] Saving project copy to temporary location './.Xil/Vivado-30050-ubuntu' for archiving project
Scanning sources...
Finished scanning sources
INFO: [IP_Flow 19-234] Refreshing IP repositories
INFO: [IP_Flow 19-1704] No user IP repositories specified
INFO: [IP_Flow 19-2313] Loaded Vivado IP repository '/opt/Xilinx/Vivado/2017.1/data/ip'.
INFO: [Coretcl 2-1211] Creating project copy for archival...
INFO: [Coretcl 2-1213] Including run results for 'synth_1'
INFO: [Coretcl 2-1213] Including run results for 'impl_1'
INFO: [Coretcl 2-1212] Importing remotely added design sources and verilog include files (if any)...
INFO: [filemgmt 20-334] All file(s) are already imported in fileset: 'constrs_1'
INFO: [filemgmt 20-348] Importing the appropriate files for fileset: 'constrs_1'
INFO: [filemgmt 20-348] Importing the appropriate files for fileset: 'sources_1'
